010010100000010
000001100000000
010111100000111
010010100000001
000101000000001
010011100000001
100111000000000
101011000000000
010010100000000
010111100000111
010011000000000
000001011111111
010011100000100
100101100000101
101110000011001
011001100000110
010010100000110
100101100000110
100111010010110
101100100010101
100100100000011
010011000000000
101000100000111
101011100001011
101001100110000
010010100000100
101001000000000
101011000101001
010010100000101
101001000000000
101011100101100
010010000000000
100100100000110
010100000000000
010010100000110
100111000000011
101011100011001
100101100000110
010010100000101
010011000000100
101001100101111
010100100000000
010011100000100
101001100011001
010100100000000
010011100000101
101001100011001
101110100000000
