010011000000000
010010100000001
010111100000011
010100000000110
010011000000110
010100100000000
010011100000101
101110000011001
010011000000110
010100100000000
101000000000101
101010000010011
010011000000110
010100100000000
010011000000100
010101100000000
010010100000101
010011000000110
010101100000000
100100100000110
010011000000110
010010000000000
101000100000011
101011100000100
101001100101001
010100100000000
011010000000010
010011100000111
010010100000101
011010000000010
101000000000111
101011000100100
010010000000000
101000100000011
101011100011001
101001100101000
010100100000000
010011100000101
010100000000100
101001100011001
101110100000000
